<?xml version="1.0" encoding="UTF-8"?>
<testng-results ignored="0" total="3" passed="3" failed="0" skipped="0">
  <reporter-output>
  </reporter-output>
  <suite started-at="2021-03-21T09:42:42Z" name="Suite" finished-at="2021-03-21T09:44:24Z" duration-ms="101515">
    <groups>
    </groups>
    <test started-at="2021-03-21T09:42:42Z" name="Test" finished-at="2021-03-21T09:43:53Z" duration-ms="70813">
      <class name="com.flip.qa.testcases.FlipLoginTest">
        <test-method is-config="true" signature="setup()[pri:0, instance:com.flip.qa.testcases.FlipLoginTest@53fb3dab]" started-at="2021-03-21T09:42:42Z" name="setup" finished-at="2021-03-21T09:43:25Z" duration-ms="42567" status="PASS">
          <reporter-output>
          </reporter-output>
        </test-method> <!-- setup -->
        <test-method signature="LoginpageTitleTest()[pri:0, instance:com.flip.qa.testcases.FlipLoginTest@53fb3dab]" started-at="2021-03-21T09:43:25Z" name="LoginpageTitleTest" finished-at="2021-03-21T09:43:25Z" duration-ms="12" status="PASS">
          <reporter-output>
          </reporter-output>
        </test-method> <!-- LoginpageTitleTest -->
        <test-method is-config="true" signature="close()[pri:0, instance:com.flip.qa.testcases.FlipLoginTest@53fb3dab]" started-at="2021-03-21T09:43:25Z" name="close" finished-at="2021-03-21T09:43:29Z" duration-ms="4311" status="PASS">
          <reporter-output>
          </reporter-output>
        </test-method> <!-- close -->
        <test-method is-config="true" signature="setup()[pri:0, instance:com.flip.qa.testcases.FlipLoginTest@53fb3dab]" started-at="2021-03-21T09:43:30Z" name="setup" finished-at="2021-03-21T09:43:48Z" duration-ms="18281" status="PASS">
          <reporter-output>
          </reporter-output>
        </test-method> <!-- setup -->
        <test-method signature="LoginTest(java.lang.String, java.lang.String)[pri:1, instance:com.flip.qa.testcases.FlipLoginTest@53fb3dab]" started-at="2021-03-21T09:43:48Z" name="LoginTest" data-provider="Credentials" finished-at="2021-03-21T09:43:48Z" duration-ms="292" status="PASS">
          <params>
            <param index="0">
              <value>
                <![CDATA[amols.tayade@gmail.com]]>
              </value>
            </param>
            <param index="1">
              <value>
                <![CDATA[redhat123]]>
              </value>
            </param>
          </params>
          <reporter-output>
          </reporter-output>
        </test-method> <!-- LoginTest -->
        <test-method is-config="true" signature="close()[pri:0, instance:com.flip.qa.testcases.FlipLoginTest@53fb3dab]" started-at="2021-03-21T09:43:48Z" name="close" finished-at="2021-03-21T09:43:53Z" duration-ms="4727" status="PASS">
          <reporter-output>
          </reporter-output>
        </test-method> <!-- close -->
      </class> <!-- com.flip.qa.testcases.FlipLoginTest -->
    </test> <!-- Test -->
    <test started-at="2021-03-21T09:43:53Z" name="Test2" finished-at="2021-03-21T09:44:24Z" duration-ms="30659">
      <class name="com.flip.qa.testcases.FlipHomePageTest">
        <test-method is-config="true" signature="Init()[pri:0, instance:com.flip.qa.testcases.FlipHomePageTest@5b247367]" started-at="2021-03-21T09:43:53Z" name="Init" finished-at="2021-03-21T09:44:20Z" duration-ms="27075" status="PASS">
          <reporter-output>
          </reporter-output>
        </test-method> <!-- Init -->
        <test-method signature="verifyHomepagetitleTest()[pri:0, instance:com.flip.qa.testcases.FlipHomePageTest@5b247367]" started-at="2021-03-21T09:44:20Z" name="verifyHomepagetitleTest" finished-at="2021-03-21T09:44:22Z" duration-ms="2016" status="PASS">
          <reporter-output>
          </reporter-output>
        </test-method> <!-- verifyHomepagetitleTest -->
        <test-method is-config="true" signature="close()[pri:0, instance:com.flip.qa.testcases.FlipHomePageTest@5b247367]" started-at="2021-03-21T09:44:22Z" name="close" finished-at="2021-03-21T09:44:24Z" duration-ms="1566" status="PASS">
          <reporter-output>
          </reporter-output>
        </test-method> <!-- close -->
      </class> <!-- com.flip.qa.testcases.FlipHomePageTest -->
    </test> <!-- Test2 -->
  </suite> <!-- Suite -->
</testng-results>
